#-----------------------------------------------------------
# Vivado v2018.2 (64-bit)
# SW Build 2258646 on Thu Jun 14 20:02:38 MDT 2018
# IP Build 2256618 on Thu Jun 14 22:10:49 MDT 2018
# Start of session at: Fri Nov 24 20:41:08 2023
# Process ID: 5107
# Current directory: /nfs/home/p/p_thibe/COEN313/Projet
# Command line: vivado
# Log file: /nfs/home/p/p_thibe/COEN313/Projet/vivado.log
# Journal file: /nfs/home/p/p_thibe/COEN313/Projet/vivado.jou
#-----------------------------------------------------------
start_gui
create_project coen313_project /nfs/home/p/p_thibe/COEN313/Projet/coen313_project -part xc7a100tcsg324-1
INFO: [IP_Flow 19-234] Refreshing IP repositories
INFO: [IP_Flow 19-1704] No user IP repositories specified
INFO: [IP_Flow 19-2313] Loaded Vivado IP repository '/CMC/tools/xilinx/Vivado_2018.2/Vivado/2018.2/data/ip'.
create_project: Time (s): cpu = 00:00:07 ; elapsed = 00:00:07 . Memory (MB): peak = 6315.414 ; gain = 58.246 ; free physical = 12619 ; free virtual = 23831
set_property target_language VHDL [current_project]
set_property simulator_language VHDL [current_project]
add_files -norecurse {/nfs/home/p/p_thibe/COEN313/Projet/register.vhd /nfs/home/p/p_thibe/COEN313/Projet/Ajuster.vhd /nfs/home/p/p_thibe/COEN313/Projet/code.vhd /nfs/home/p/p_thibe/COEN313/Projet/Comparater.vhd /nfs/home/p/p_thibe/COEN313/Projet/Code_tb.vhd}
import_files -force -norecurse
INFO: [filemgmt 20-348] Importing the appropriate files for fileset: 'sources_1'
import_files -fileset constrs_1 -force -norecurse /nfs/home/p/p_thibe/COEN313/Projet/constraint.xdc
update_compile_order -fileset sources_1
set_property target_constrs_file /nfs/home/p/p_thibe/COEN313/Projet/coen313_project/coen313_project.srcs/constrs_1/imports/Projet/constraint.xdc [current_fileset -constrset]
launch_runs synth_1 -jobs 6
[Fri Nov 24 20:47:07 2023] Launched synth_1...
Run output will be captured here: /nfs/home/p/p_thibe/COEN313/Projet/coen313_project/coen313_project.runs/synth_1/runme.log
exit
INFO: [Common 17-206] Exiting Vivado at Fri Nov 24 20:50:54 2023...
