
*** Running vivado
    with args -log Code.vdi -applog -m64 -product Vivado -messageDb vivado.pb -mode batch -source Code.tcl -notrace


****** Vivado v2018.2 (64-bit)
  **** SW Build 2258646 on Thu Jun 14 20:02:38 MDT 2018
  **** IP Build 2256618 on Thu Jun 14 22:10:49 MDT 2018
    ** Copyright 1986-2018 Xilinx, Inc. All Rights Reserved.

source Code.tcl -notrace
Command: link_design -top Code -part xc7a100tcsg324-1
Design is defaulting to srcset: sources_1
Design is defaulting to constrset: constrs_1
INFO: [Netlist 29-17] Analyzing 7 Unisim elements for replacement
INFO: [Netlist 29-28] Unisim Transformation completed in 0 CPU seconds
INFO: [Project 1-479] Netlist was created with Vivado 2018.2
INFO: [Device 21-403] Loading part xc7a100tcsg324-1
INFO: [Project 1-570] Preparing netlist for logic optimization
Parsing XDC File [/nfs/home/p/p_thibe/COEN313/Projet/project_2/project_2.srcs/constrs_1/imports/Projet/constraint.xdc]
CRITICAL WARNING: [Common 17-69] Command failed: 'G15' is not a valid site or package pin name. [/nfs/home/p/p_thibe/COEN313/Projet/project_2/project_2.srcs/constrs_1/imports/Projet/constraint.xdc:4]
Finished Parsing XDC File [/nfs/home/p/p_thibe/COEN313/Projet/project_2/project_2.srcs/constrs_1/imports/Projet/constraint.xdc]
INFO: [Opt 31-138] Pushed 0 inverter(s) to 0 load pin(s).
INFO: [Project 1-111] Unisim Transformation Summary:
No Unisim elements were transformed.

7 Infos, 0 Warnings, 1 Critical Warnings and 0 Errors encountered.
link_design completed successfully
link_design: Time (s): cpu = 00:00:05 ; elapsed = 00:00:14 . Memory (MB): peak = 1596.355 ; gain = 288.215 ; free physical = 10719 ; free virtual = 22358
Command: opt_design
Attempting to get a license for feature 'Implementation' and/or device 'xc7a100t'
INFO: [Common 17-349] Got license for feature 'Implementation' and/or device 'xc7a100t'
Running DRC as a precondition to command opt_design

Starting DRC Task
INFO: [DRC 23-27] Running DRC with 8 threads
INFO: [Project 1-461] DRC finished with 0 Errors
INFO: [Project 1-462] Please refer to the DRC report (report_drc) for more information.

Time (s): cpu = 00:00:01 ; elapsed = 00:00:02 . Memory (MB): peak = 1686.383 ; gain = 90.027 ; free physical = 10708 ; free virtual = 22347

Starting Cache Timing Information Task
INFO: [Timing 38-35] Done setting XDC timing constraints.
Ending Cache Timing Information Task | Checksum: 1f0c071f1

Time (s): cpu = 00:00:07 ; elapsed = 00:00:17 . Memory (MB): peak = 2116.883 ; gain = 430.500 ; free physical = 10315 ; free virtual = 21953

Starting Logic Optimization Task

Phase 1 Retarget
INFO: [Opt 31-138] Pushed 0 inverter(s) to 0 load pin(s).
INFO: [Opt 31-49] Retargeted 0 cell(s).
Phase 1 Retarget | Checksum: 1f0c071f1

Time (s): cpu = 00:00:00.01 ; elapsed = 00:00:00.01 . Memory (MB): peak = 2116.883 ; gain = 0.000 ; free physical = 10332 ; free virtual = 21971
INFO: [Opt 31-389] Phase Retarget created 0 cells and removed 0 cells

Phase 2 Constant propagation
INFO: [Opt 31-138] Pushed 0 inverter(s) to 0 load pin(s).
Phase 2 Constant propagation | Checksum: 1f0c071f1

Time (s): cpu = 00:00:00.01 ; elapsed = 00:00:00.01 . Memory (MB): peak = 2116.883 ; gain = 0.000 ; free physical = 10332 ; free virtual = 21971
INFO: [Opt 31-389] Phase Constant propagation created 0 cells and removed 0 cells

Phase 3 Sweep
Phase 3 Sweep | Checksum: 19baa2041

Time (s): cpu = 00:00:00.01 ; elapsed = 00:00:00.01 . Memory (MB): peak = 2116.883 ; gain = 0.000 ; free physical = 10332 ; free virtual = 21971
INFO: [Opt 31-389] Phase Sweep created 0 cells and removed 0 cells

Phase 4 BUFG optimization
Phase 4 BUFG optimization | Checksum: 19baa2041

Time (s): cpu = 00:00:00.01 ; elapsed = 00:00:00.01 . Memory (MB): peak = 2116.883 ; gain = 0.000 ; free physical = 10332 ; free virtual = 21971
INFO: [Opt 31-662] Phase BUFG optimization created 0 cells of which 0 are BUFGs and removed 0 cells.

Phase 5 Shift Register Optimization
Phase 5 Shift Register Optimization | Checksum: 19b4c5c51

Time (s): cpu = 00:00:00.01 ; elapsed = 00:00:00.01 . Memory (MB): peak = 2116.883 ; gain = 0.000 ; free physical = 10332 ; free virtual = 21971
INFO: [Opt 31-389] Phase Shift Register Optimization created 0 cells and removed 0 cells

Phase 6 Post Processing Netlist
Phase 6 Post Processing Netlist | Checksum: 19b4c5c51

Time (s): cpu = 00:00:00.02 ; elapsed = 00:00:00.01 . Memory (MB): peak = 2116.883 ; gain = 0.000 ; free physical = 10332 ; free virtual = 21971
INFO: [Opt 31-389] Phase Post Processing Netlist created 0 cells and removed 0 cells

Starting Connectivity Check Task

Time (s): cpu = 00:00:00 ; elapsed = 00:00:00 . Memory (MB): peak = 2116.883 ; gain = 0.000 ; free physical = 10332 ; free virtual = 21971
Ending Logic Optimization Task | Checksum: 19b4c5c51

Time (s): cpu = 00:00:00.02 ; elapsed = 00:00:00.01 . Memory (MB): peak = 2116.883 ; gain = 0.000 ; free physical = 10332 ; free virtual = 21971

Starting Power Optimization Task
INFO: [Pwropt 34-132] Skipping clock gating for clocks with a period < 2.00 ns.
Ending Power Optimization Task | Checksum: 19b4c5c51

Time (s): cpu = 00:00:00.01 ; elapsed = 00:00:00.02 . Memory (MB): peak = 2116.883 ; gain = 0.000 ; free physical = 10332 ; free virtual = 21971

Starting Final Cleanup Task
Ending Final Cleanup Task | Checksum: 19b4c5c51

Time (s): cpu = 00:00:00 ; elapsed = 00:00:00 . Memory (MB): peak = 2116.883 ; gain = 0.000 ; free physical = 10332 ; free virtual = 21971
INFO: [Common 17-83] Releasing license: Implementation
23 Infos, 0 Warnings, 1 Critical Warnings and 0 Errors encountered.
opt_design completed successfully
opt_design: Time (s): cpu = 00:00:08 ; elapsed = 00:00:19 . Memory (MB): peak = 2116.883 ; gain = 520.527 ; free physical = 10332 ; free virtual = 21971
INFO: [Timing 38-480] Writing timing data to binary archive.
Writing placer database...
Writing XDEF routing.
Writing XDEF routing logical nets.
Writing XDEF routing special nets.
Write XDEF Complete: Time (s): cpu = 00:00:00.01 ; elapsed = 00:00:00.10 . Memory (MB): peak = 2148.895 ; gain = 0.000 ; free physical = 10330 ; free virtual = 21969
INFO: [Common 17-1381] The checkpoint '/nfs/home/p/p_thibe/COEN313/Projet/project_2/project_2.runs/impl_1/Code_opt.dcp' has been generated.
INFO: [runtcl-4] Executing : report_drc -file Code_drc_opted.rpt -pb Code_drc_opted.pb -rpx Code_drc_opted.rpx
Command: report_drc -file Code_drc_opted.rpt -pb Code_drc_opted.pb -rpx Code_drc_opted.rpx
INFO: [IP_Flow 19-234] Refreshing IP repositories
INFO: [IP_Flow 19-1704] No user IP repositories specified
INFO: [IP_Flow 19-2313] Loaded Vivado IP repository '/CMC/tools/xilinx/Vivado_2018.2/Vivado/2018.2/data/ip'.
INFO: [DRC 23-27] Running DRC with 8 threads
INFO: [Coretcl 2-168] The results of DRC are in file /nfs/home/p/p_thibe/COEN313/Projet/project_2/project_2.runs/impl_1/Code_drc_opted.rpt.
report_drc completed successfully
Command: place_design
Attempting to get a license for feature 'Implementation' and/or device 'xc7a100t'
INFO: [Common 17-349] Got license for feature 'Implementation' and/or device 'xc7a100t'
INFO: [DRC 23-27] Running DRC with 8 threads
INFO: [Vivado_Tcl 4-198] DRC finished with 0 Errors
INFO: [Vivado_Tcl 4-199] Please refer to the DRC report (report_drc) for more information.
Running DRC as a precondition to command place_design
INFO: [DRC 23-27] Running DRC with 8 threads
INFO: [Vivado_Tcl 4-198] DRC finished with 0 Errors
INFO: [Vivado_Tcl 4-199] Please refer to the DRC report (report_drc) for more information.

Starting Placer Task
INFO: [Place 30-611] Multithreading enabled for place_design using a maximum of 8 CPUs

Phase 1 Placer Initialization

Phase 1.1 Placer Initialization Netlist Sorting
Netlist sorting complete. Time (s): cpu = 00:00:00 ; elapsed = 00:00:00 . Memory (MB): peak = 2188.918 ; gain = 0.000 ; free physical = 10292 ; free virtual = 21931
Phase 1.1 Placer Initialization Netlist Sorting | Checksum: 177549b39

Time (s): cpu = 00:00:00 ; elapsed = 00:00:00.01 . Memory (MB): peak = 2188.918 ; gain = 0.000 ; free physical = 10292 ; free virtual = 21931
Netlist sorting complete. Time (s): cpu = 00:00:00 ; elapsed = 00:00:00 . Memory (MB): peak = 2188.918 ; gain = 0.000 ; free physical = 10292 ; free virtual = 21931

Phase 1.2 IO Placement/ Clock Placement/ Build Placer Device
INFO: [Timing 38-35] Done setting XDC timing constraints.
Phase 1.2 IO Placement/ Clock Placement/ Build Placer Device | Checksum: 114a1870d

Time (s): cpu = 00:00:00.75 ; elapsed = 00:00:00.31 . Memory (MB): peak = 2221.926 ; gain = 33.008 ; free physical = 10287 ; free virtual = 21925

Phase 1.3 Build Placer Netlist Model
Phase 1.3 Build Placer Netlist Model | Checksum: 1839b1562

Time (s): cpu = 00:00:00.79 ; elapsed = 00:00:00.32 . Memory (MB): peak = 2221.926 ; gain = 33.008 ; free physical = 10287 ; free virtual = 21925

Phase 1.4 Constrain Clocks/Macros
Phase 1.4 Constrain Clocks/Macros | Checksum: 1839b1562

Time (s): cpu = 00:00:00.80 ; elapsed = 00:00:00.32 . Memory (MB): peak = 2221.926 ; gain = 33.008 ; free physical = 10287 ; free virtual = 21925
Phase 1 Placer Initialization | Checksum: 1839b1562

Time (s): cpu = 00:00:00.80 ; elapsed = 00:00:00.33 . Memory (MB): peak = 2221.926 ; gain = 33.008 ; free physical = 10287 ; free virtual = 21925

Phase 2 Global Placement

Phase 2.1 Floorplanning
Phase 2.1 Floorplanning | Checksum: 1839b1562

Time (s): cpu = 00:00:00.82 ; elapsed = 00:00:00.34 . Memory (MB): peak = 2221.926 ; gain = 33.008 ; free physical = 10285 ; free virtual = 21924
WARNING: [Place 46-29] place_design is not in timing mode. Skip physical synthesis in placer
Phase 2 Global Placement | Checksum: 14ca02730

Time (s): cpu = 00:00:01 ; elapsed = 00:00:00.44 . Memory (MB): peak = 2356.984 ; gain = 168.066 ; free physical = 10266 ; free virtual = 21905

Phase 3 Detail Placement

Phase 3.1 Commit Multi Column Macros
Phase 3.1 Commit Multi Column Macros | Checksum: 14ca02730

Time (s): cpu = 00:00:01 ; elapsed = 00:00:00.44 . Memory (MB): peak = 2356.984 ; gain = 168.066 ; free physical = 10266 ; free virtual = 21905

Phase 3.2 Commit Most Macros & LUTRAMs
Phase 3.2 Commit Most Macros & LUTRAMs | Checksum: 1f3d01c80

Time (s): cpu = 00:00:02 ; elapsed = 00:00:00.45 . Memory (MB): peak = 2356.984 ; gain = 168.066 ; free physical = 10266 ; free virtual = 21904

Phase 3.3 Area Swap Optimization
Phase 3.3 Area Swap Optimization | Checksum: 17189a403

Time (s): cpu = 00:00:02 ; elapsed = 00:00:00.46 . Memory (MB): peak = 2356.984 ; gain = 168.066 ; free physical = 10266 ; free virtual = 21904

Phase 3.4 Pipeline Register Optimization
Phase 3.4 Pipeline Register Optimization | Checksum: 17189a403

Time (s): cpu = 00:00:02 ; elapsed = 00:00:00.46 . Memory (MB): peak = 2356.984 ; gain = 168.066 ; free physical = 10266 ; free virtual = 21904

Phase 3.5 Small Shape Detail Placement
Phase 3.5 Small Shape Detail Placement | Checksum: 201773cd2

Time (s): cpu = 00:00:02 ; elapsed = 00:00:00.66 . Memory (MB): peak = 2356.984 ; gain = 168.066 ; free physical = 10264 ; free virtual = 21904

Phase 3.6 Re-assign LUT pins
Phase 3.6 Re-assign LUT pins | Checksum: 201773cd2

Time (s): cpu = 00:00:02 ; elapsed = 00:00:00.67 . Memory (MB): peak = 2356.984 ; gain = 168.066 ; free physical = 10264 ; free virtual = 21904

Phase 3.7 Pipeline Register Optimization
Phase 3.7 Pipeline Register Optimization | Checksum: 201773cd2

Time (s): cpu = 00:00:02 ; elapsed = 00:00:00.67 . Memory (MB): peak = 2356.984 ; gain = 168.066 ; free physical = 10264 ; free virtual = 21904
Phase 3 Detail Placement | Checksum: 201773cd2

Time (s): cpu = 00:00:02 ; elapsed = 00:00:00.67 . Memory (MB): peak = 2356.984 ; gain = 168.066 ; free physical = 10264 ; free virtual = 21904

Phase 4 Post Placement Optimization and Clean-Up

Phase 4.1 Post Commit Optimization
Phase 4.1 Post Commit Optimization | Checksum: 201773cd2

Time (s): cpu = 00:00:02 ; elapsed = 00:00:00.67 . Memory (MB): peak = 2356.984 ; gain = 168.066 ; free physical = 10264 ; free virtual = 21904

Phase 4.2 Post Placement Cleanup
Phase 4.2 Post Placement Cleanup | Checksum: 201773cd2

Time (s): cpu = 00:00:02 ; elapsed = 00:00:00.68 . Memory (MB): peak = 2356.984 ; gain = 168.066 ; free physical = 10266 ; free virtual = 21906

Phase 4.3 Placer Reporting
Phase 4.3 Placer Reporting | Checksum: 201773cd2

Time (s): cpu = 00:00:02 ; elapsed = 00:00:00.68 . Memory (MB): peak = 2356.984 ; gain = 168.066 ; free physical = 10266 ; free virtual = 21906

Phase 4.4 Final Placement Cleanup
Phase 4.4 Final Placement Cleanup | Checksum: 201773cd2

Time (s): cpu = 00:00:02 ; elapsed = 00:00:00.68 . Memory (MB): peak = 2356.984 ; gain = 168.066 ; free physical = 10266 ; free virtual = 21906
Phase 4 Post Placement Optimization and Clean-Up | Checksum: 201773cd2

Time (s): cpu = 00:00:02 ; elapsed = 00:00:00.68 . Memory (MB): peak = 2356.984 ; gain = 168.066 ; free physical = 10266 ; free virtual = 21906
Ending Placer Task | Checksum: 16ed9f876

Time (s): cpu = 00:00:02 ; elapsed = 00:00:00.68 . Memory (MB): peak = 2356.984 ; gain = 168.066 ; free physical = 10283 ; free virtual = 21923
INFO: [Common 17-83] Releasing license: Implementation
41 Infos, 1 Warnings, 1 Critical Warnings and 0 Errors encountered.
place_design completed successfully
INFO: [Timing 38-480] Writing timing data to binary archive.
Writing placer database...
Writing XDEF routing.
Writing XDEF routing logical nets.
Writing XDEF routing special nets.
Write XDEF Complete: Time (s): cpu = 00:00:00.04 ; elapsed = 00:00:00.11 . Memory (MB): peak = 2356.984 ; gain = 0.000 ; free physical = 10277 ; free virtual = 21918
INFO: [Common 17-1381] The checkpoint '/nfs/home/p/p_thibe/COEN313/Projet/project_2/project_2.runs/impl_1/Code_placed.dcp' has been generated.
INFO: [runtcl-4] Executing : report_io -file Code_io_placed.rpt
report_io: Time (s): cpu = 00:00:00.06 ; elapsed = 00:00:00.10 . Memory (MB): peak = 2356.984 ; gain = 0.000 ; free physical = 10268 ; free virtual = 21908
INFO: [runtcl-4] Executing : report_utilization -file Code_utilization_placed.rpt -pb Code_utilization_placed.pb
report_utilization: Time (s): cpu = 00:00:00.05 ; elapsed = 00:00:00.07 . Memory (MB): peak = 2356.984 ; gain = 0.000 ; free physical = 10274 ; free virtual = 21914
INFO: [runtcl-4] Executing : report_control_sets -verbose -file Code_control_sets_placed.rpt
report_control_sets: Time (s): cpu = 00:00:00.02 ; elapsed = 00:00:00.06 . Memory (MB): peak = 2356.984 ; gain = 0.000 ; free physical = 10274 ; free virtual = 21914
Command: route_design
Attempting to get a license for feature 'Implementation' and/or device 'xc7a100t'
INFO: [Common 17-349] Got license for feature 'Implementation' and/or device 'xc7a100t'
Running DRC as a precondition to command route_design
INFO: [DRC 23-27] Running DRC with 8 threads
INFO: [Vivado_Tcl 4-198] DRC finished with 0 Errors
INFO: [Vivado_Tcl 4-199] Please refer to the DRC report (report_drc) for more information.


Starting Routing Task
INFO: [Route 35-254] Multithreading enabled for route_design using a maximum of 8 CPUs
Checksum: PlaceDB: a4819e19 ConstDB: 0 ShapeSum: ca585a5d RouteDB: 0

Phase 1 Build RT Design
Phase 1 Build RT Design | Checksum: 17e9fcf0c

Time (s): cpu = 00:00:13 ; elapsed = 00:00:10 . Memory (MB): peak = 2394.984 ; gain = 38.000 ; free physical = 10141 ; free virtual = 21781
Post Restoration Checksum: NetGraph: b2a5e175 NumContArr: cbf9ed97 Constraints: 0 Timing: 0

Phase 2 Router Initialization
INFO: [Route 35-64] No timing constraints were detected. The router will operate in resource-optimization mode.

Phase 2.1 Fix Topology Constraints
Phase 2.1 Fix Topology Constraints | Checksum: 17e9fcf0c

Time (s): cpu = 00:00:13 ; elapsed = 00:00:10 . Memory (MB): peak = 2401.973 ; gain = 44.988 ; free physical = 10110 ; free virtual = 21750

Phase 2.2 Pre Route Cleanup
Phase 2.2 Pre Route Cleanup | Checksum: 17e9fcf0c

Time (s): cpu = 00:00:13 ; elapsed = 00:00:10 . Memory (MB): peak = 2401.973 ; gain = 44.988 ; free physical = 10110 ; free virtual = 21750
 Number of Nodes with overlaps = 0
Phase 2 Router Initialization | Checksum: 152a00e99

Time (s): cpu = 00:00:13 ; elapsed = 00:00:10 . Memory (MB): peak = 2410.238 ; gain = 53.254 ; free physical = 10101 ; free virtual = 21741

Phase 3 Initial Routing
Phase 3 Initial Routing | Checksum: 1a91201ef

Time (s): cpu = 00:00:13 ; elapsed = 00:00:10 . Memory (MB): peak = 2410.238 ; gain = 53.254 ; free physical = 10101 ; free virtual = 21741

Phase 4 Rip-up And Reroute

Phase 4.1 Global Iteration 0
 Number of Nodes with overlaps = 0
Phase 4.1 Global Iteration 0 | Checksum: 168959ff9

Time (s): cpu = 00:00:13 ; elapsed = 00:00:10 . Memory (MB): peak = 2410.238 ; gain = 53.254 ; free physical = 10100 ; free virtual = 21741
Phase 4 Rip-up And Reroute | Checksum: 168959ff9

Time (s): cpu = 00:00:13 ; elapsed = 00:00:10 . Memory (MB): peak = 2410.238 ; gain = 53.254 ; free physical = 10100 ; free virtual = 21741

Phase 5 Delay and Skew Optimization
Phase 5 Delay and Skew Optimization | Checksum: 168959ff9

Time (s): cpu = 00:00:13 ; elapsed = 00:00:10 . Memory (MB): peak = 2410.238 ; gain = 53.254 ; free physical = 10100 ; free virtual = 21741

Phase 6 Post Hold Fix

Phase 6.1 Hold Fix Iter
Phase 6.1 Hold Fix Iter | Checksum: 168959ff9

Time (s): cpu = 00:00:13 ; elapsed = 00:00:10 . Memory (MB): peak = 2410.238 ; gain = 53.254 ; free physical = 10100 ; free virtual = 21741
Phase 6 Post Hold Fix | Checksum: 168959ff9

Time (s): cpu = 00:00:13 ; elapsed = 00:00:10 . Memory (MB): peak = 2410.238 ; gain = 53.254 ; free physical = 10100 ; free virtual = 21741

Phase 7 Route finalize

Router Utilization Summary
  Global Vertical Routing Utilization    = 0.00356879 %
  Global Horizontal Routing Utilization  = 0.00433362 %
  Routable Net Status*
  *Does not include unroutable nets such as driverless and loadless.
  Run report_route_status for detailed report.
  Number of Failed Nets               = 0
  Number of Unrouted Nets             = 0
  Number of Partially Routed Nets     = 0
  Number of Node Overlaps             = 0

Congestion Report
North Dir 1x1 Area, Max Cong = 5.40541%, No Congested Regions.
South Dir 1x1 Area, Max Cong = 5.40541%, No Congested Regions.
East Dir 1x1 Area, Max Cong = 5.88235%, No Congested Regions.
West Dir 1x1 Area, Max Cong = 5.88235%, No Congested Regions.

------------------------------
Reporting congestion hotspots
------------------------------
Direction: North
----------------
Congested clusters found at Level 0
Effective congestion level: 0 Aspect Ratio: 1 Sparse Ratio: 0
Direction: South
----------------
Congested clusters found at Level 0
Effective congestion level: 0 Aspect Ratio: 1 Sparse Ratio: 0
Direction: East
----------------
Congested clusters found at Level 0
Effective congestion level: 0 Aspect Ratio: 1 Sparse Ratio: 0
Direction: West
----------------
Congested clusters found at Level 0
Effective congestion level: 0 Aspect Ratio: 1 Sparse Ratio: 0

Phase 7 Route finalize | Checksum: 168959ff9

Time (s): cpu = 00:00:14 ; elapsed = 00:00:10 . Memory (MB): peak = 2410.238 ; gain = 53.254 ; free physical = 10100 ; free virtual = 21741

Phase 8 Verifying routed nets

 Verification completed successfully
Phase 8 Verifying routed nets | Checksum: 168959ff9

Time (s): cpu = 00:00:14 ; elapsed = 00:00:10 . Memory (MB): peak = 2413.238 ; gain = 56.254 ; free physical = 10100 ; free virtual = 21741

Phase 9 Depositing Routes
Phase 9 Depositing Routes | Checksum: 1d5ebfa5f

Time (s): cpu = 00:00:14 ; elapsed = 00:00:10 . Memory (MB): peak = 2413.238 ; gain = 56.254 ; free physical = 10100 ; free virtual = 21741
INFO: [Route 35-16] Router Completed Successfully

Time (s): cpu = 00:00:14 ; elapsed = 00:00:10 . Memory (MB): peak = 2413.238 ; gain = 56.254 ; free physical = 10134 ; free virtual = 21775

Routing Is Done.
INFO: [Common 17-83] Releasing license: Implementation
54 Infos, 1 Warnings, 1 Critical Warnings and 0 Errors encountered.
route_design completed successfully
route_design: Time (s): cpu = 00:00:15 ; elapsed = 00:00:12 . Memory (MB): peak = 2413.242 ; gain = 56.258 ; free physical = 10134 ; free virtual = 21775
INFO: [Timing 38-480] Writing timing data to binary archive.
Writing placer database...
Writing XDEF routing.
Writing XDEF routing logical nets.
Writing XDEF routing special nets.
Write XDEF Complete: Time (s): cpu = 00:00:00.04 ; elapsed = 00:00:00.10 . Memory (MB): peak = 2413.242 ; gain = 0.000 ; free physical = 10132 ; free virtual = 21773
INFO: [Common 17-1381] The checkpoint '/nfs/home/p/p_thibe/COEN313/Projet/project_2/project_2.runs/impl_1/Code_routed.dcp' has been generated.
INFO: [runtcl-4] Executing : report_drc -file Code_drc_routed.rpt -pb Code_drc_routed.pb -rpx Code_drc_routed.rpx
Command: report_drc -file Code_drc_routed.rpt -pb Code_drc_routed.pb -rpx Code_drc_routed.rpx
INFO: [DRC 23-27] Running DRC with 8 threads
INFO: [Coretcl 2-168] The results of DRC are in file /nfs/home/p/p_thibe/COEN313/Projet/project_2/project_2.runs/impl_1/Code_drc_routed.rpt.
report_drc completed successfully
INFO: [runtcl-4] Executing : report_methodology -file Code_methodology_drc_routed.rpt -pb Code_methodology_drc_routed.pb -rpx Code_methodology_drc_routed.rpx
Command: report_methodology -file Code_methodology_drc_routed.rpt -pb Code_methodology_drc_routed.pb -rpx Code_methodology_drc_routed.rpx
INFO: [Timing 38-35] Done setting XDC timing constraints.
INFO: [Timing 38-35] Done setting XDC timing constraints.
INFO: [DRC 23-133] Running Methodology with 8 threads
INFO: [Coretcl 2-1520] The results of Report Methodology are in file /nfs/home/p/p_thibe/COEN313/Projet/project_2/project_2.runs/impl_1/Code_methodology_drc_routed.rpt.
report_methodology completed successfully
INFO: [runtcl-4] Executing : report_power -file Code_power_routed.rpt -pb Code_power_summary_routed.pb -rpx Code_power_routed.rpx
Command: report_power -file Code_power_routed.rpt -pb Code_power_summary_routed.pb -rpx Code_power_routed.rpx
WARNING: [Power 33-232] No user defined clocks were found in the design!
Resolution: Please specify clocks using create_clock/create_generated_clock for sequential elements. For pure combinatorial circuits, please specify a virtual clock, otherwise the vectorless estimation might be inaccurate
INFO: [Timing 38-35] Done setting XDC timing constraints.
Running Vector-less Activity Propagation...

Finished Running Vector-less Activity Propagation
66 Infos, 2 Warnings, 1 Critical Warnings and 0 Errors encountered.
report_power completed successfully
INFO: [runtcl-4] Executing : report_route_status -file Code_route_status.rpt -pb Code_route_status.pb
INFO: [runtcl-4] Executing : report_timing_summary -max_paths 10 -file Code_timing_summary_routed.rpt -pb Code_timing_summary_routed.pb -rpx Code_timing_summary_routed.rpx -warn_on_violation 
INFO: [Timing 38-91] UpdateTimingParams: Speed grade: -1, Delay Type: min_max, Timing Stage: Requireds.
INFO: [Timing 38-191] Multithreading enabled for timing update using a maximum of 8 CPUs
WARNING: [Timing 38-313] There are no user specified timing constraints. Timing constraints are needed for proper timing analysis.
INFO: [runtcl-4] Executing : report_incremental_reuse -file Code_incremental_reuse_routed.rpt
INFO: [Vivado_Tcl 4-545] No incremental reuse to report, no incremental placement and routing data was found.
INFO: [runtcl-4] Executing : report_clock_utilization -file Code_clock_utilization_routed.rpt
INFO: [runtcl-4] Executing : report_bus_skew -warn_on_violation -file Code_bus_skew_routed.rpt -pb Code_bus_skew_routed.pb -rpx Code_bus_skew_routed.rpx
INFO: [Timing 38-91] UpdateTimingParams: Speed grade: -1, Delay Type: min_max, Timing Stage: Requireds.
INFO: [Timing 38-191] Multithreading enabled for timing update using a maximum of 8 CPUs
INFO: [Common 17-206] Exiting Vivado at Fri Nov 24 21:45:18 2023...
