#-----------------------------------------------------------
# Vivado v2018.2 (64-bit)
# SW Build 2258646 on Thu Jun 14 20:02:38 MDT 2018
# IP Build 2256618 on Thu Jun 14 22:10:49 MDT 2018
# Start of session at: Fri Nov 17 15:42:47 2023
# Process ID: 10033
# Current directory: /nfs/home/p/p_thibe/COEN313/Modelsim/Code/lab4
# Command line: vivado
# Log file: /nfs/home/p/p_thibe/COEN313/Modelsim/Code/lab4/vivado.log
# Journal file: /nfs/home/p/p_thibe/COEN313/Modelsim/Code/lab4/vivado.jou
#-----------------------------------------------------------
start_gui
create_project Lab_4.1 /nfs/home/p/p_thibe/COEN313/Modelsim/Code/lab4/Lab_4.1 -part xc7a100tcsg324-1
INFO: [IP_Flow 19-234] Refreshing IP repositories
INFO: [IP_Flow 19-1704] No user IP repositories specified
INFO: [IP_Flow 19-2313] Loaded Vivado IP repository '/CMC/tools/xilinx/Vivado_2018.2/Vivado/2018.2/data/ip'.
set_property target_language VHDL [current_project]
set_property simulator_language VHDL [current_project]
add_files -norecurse {/nfs/home/p/p_thibe/COEN313/Modelsim/Code/lab4/registers.vhd /nfs/home/p/p_thibe/COEN313/Modelsim/Code/lab4/fbMUX.vhd /nfs/home/p/p_thibe/COEN313/Modelsim/Code/lab4/max_reg.vhd /nfs/home/p/p_thibe/COEN313/Modelsim/Code/lab4/minMaxComb.vhd /nfs/home/p/p_thibe/COEN313/Modelsim/Code/lab4/min_reg.vhd /nfs/home/p/p_thibe/COEN313/Modelsim/Code/lab4/register_min_max.vhd}
import_files -force -norecurse
INFO: [filemgmt 20-348] Importing the appropriate files for fileset: 'sources_1'
import_files -fileset constrs_1 -force -norecurse /nfs/home/p/p_thibe/COEN313/Modelsim/Code/lab4/constraint_lab4.xdc
update_compile_order -fileset sources_1
set_property target_constrs_file /nfs/home/p/p_thibe/COEN313/Modelsim/Code/lab4/Lab_4.1/Lab_4.1.srcs/constrs_1/imports/lab4/constraint_lab4.xdc [current_fileset -constrset]
launch_runs synth_1 -jobs 6
[Fri Nov 17 15:46:03 2023] Launched synth_1...
Run output will be captured here: /nfs/home/p/p_thibe/COEN313/Modelsim/Code/lab4/Lab_4.1/Lab_4.1.runs/synth_1/runme.log
launch_runs impl_1 -jobs 6
[Fri Nov 17 15:48:28 2023] Launched impl_1...
Run output will be captured here: /nfs/home/p/p_thibe/COEN313/Modelsim/Code/lab4/Lab_4.1/Lab_4.1.runs/impl_1/runme.log
open_run impl_1
INFO: [Netlist 29-17] Analyzing 8 Unisim elements for replacement
INFO: [Netlist 29-28] Unisim Transformation completed in 0 CPU seconds
INFO: [Project 1-479] Netlist was created with Vivado 2018.2
INFO: [Device 21-403] Loading part xc7a100tcsg324-1
INFO: [Project 1-570] Preparing netlist for logic optimization
INFO: [Timing 38-478] Restoring timing data from binary archive.
INFO: [Timing 38-479] Binary timing data restore complete.
INFO: [Project 1-856] Restoring constraints from binary archive.
INFO: [Project 1-853] Binary constraint restore complete.
Reading XDEF placement.
Reading placer database...
Reading XDEF routing.
Read XDEF File: Time (s): cpu = 00:00:00.02 ; elapsed = 00:00:00.01 . Memory (MB): peak = 7040.176 ; gain = 0.000 ; free physical = 10336 ; free virtual = 22539
Restored from archive | CPU: 0.020000 secs | Memory: 0.109665 MB |
Finished XDEF File Restore: Time (s): cpu = 00:00:00.02 ; elapsed = 00:00:00.01 . Memory (MB): peak = 7040.176 ; gain = 0.000 ; free physical = 10336 ; free virtual = 22539
INFO: [Project 1-111] Unisim Transformation Summary:
No Unisim elements were transformed.

open_run: Time (s): cpu = 00:00:22 ; elapsed = 00:01:07 . Memory (MB): peak = 7209.723 ; gain = 867.016 ; free physical = 10244 ; free virtual = 22447
write_schematic -format pdf -orientation portrait /nfs/home/p/p_thibe/COEN313/Modelsim/Code/lab4/schematic1.pdf
/nfs/home/p/p_thibe/COEN313/Modelsim/Code/lab4/schematic1.pdf
write_schematic -format pdf -orientation portrait /nfs/home/p/p_thibe/COEN313/Modelsim/Code/lab4/schematic2.pdf
/nfs/home/p/p_thibe/COEN313/Modelsim/Code/lab4/schematic2.pdf
write_schematic -format pdf -orientation portrait /nfs/home/p/p_thibe/COEN313/Modelsim/Code/lab4/schematic3.pdf
/nfs/home/p/p_thibe/COEN313/Modelsim/Code/lab4/schematic3.pdf
write_schematic -format pdf -orientation portrait /nfs/home/p/p_thibe/COEN313/Modelsim/Code/lab4/schematic.pdf
/nfs/home/p/p_thibe/COEN313/Modelsim/Code/lab4/schematic.pdf
write_schematic -format pdf -orientation portrait /nfs/home/p/p_thibe/COEN313/Modelsim/Code/lab4/schematic5.pdf
/nfs/home/p/p_thibe/COEN313/Modelsim/Code/lab4/schematic5.pdf
write_schematic -format pdf -orientation portrait /nfs/home/p/p_thibe/COEN313/Modelsim/Code/lab4/schematic6.pdf
/nfs/home/p/p_thibe/COEN313/Modelsim/Code/lab4/schematic6.pdf
write_schematic -format pdf -orientation portrait /nfs/home/p/p_thibe/COEN313/Modelsim/Code/lab4/schematic10.pdf
/nfs/home/p/p_thibe/COEN313/Modelsim/Code/lab4/schematic10.pdf
launch_runs impl_1 -to_step write_bitstream -jobs 6
[Fri Nov 17 15:54:36 2023] Launched impl_1...
Run output will be captured here: /nfs/home/p/p_thibe/COEN313/Modelsim/Code/lab4/Lab_4.1/Lab_4.1.runs/impl_1/runme.log
open_hw
connect_hw_server
INFO: [Labtools 27-2285] Connecting to hw_server url TCP:localhost:3121
INFO: [Labtools 27-2222] Launching hw_server...
INFO: [Labtools 27-2221] Launch Output:

****** Xilinx hw_server v2018.2
  **** Build date : Jun 14 2018-20:18:37
    ** Copyright 1986-2018 Xilinx, Inc. All Rights Reserved.


open_hw_target
INFO: [Labtoolstcl 44-466] Opening hw_target localhost:3121/xilinx_tcf/Digilent/210292ABF9EAA
set_property PROGRAM.FILE {/nfs/home/p/p_thibe/COEN313/Modelsim/Code/lab4/Lab_4.1/Lab_4.1.runs/impl_1/registers_min_max.bit} [get_hw_devices xc7a100t_0]
current_hw_device [get_hw_devices xc7a100t_0]
refresh_hw_device -update_hw_probes false [lindex [get_hw_devices xc7a100t_0] 0]
INFO: [Labtools 27-1435] Device xc7a100t (JTAG device index = 0) is not programmed (DONE status = 0).
set_property PROBES.FILE {} [get_hw_devices xc7a100t_0]
set_property FULL_PROBES.FILE {} [get_hw_devices xc7a100t_0]
set_property PROGRAM.FILE {/nfs/home/p/p_thibe/COEN313/Modelsim/Code/lab4/Lab_4.1/Lab_4.1.runs/impl_1/registers_min_max.bit} [get_hw_devices xc7a100t_0]
program_hw_devices [get_hw_devices xc7a100t_0]
INFO: [Labtools 27-3164] End of startup status: HIGH
refresh_hw_device [lindex [get_hw_devices xc7a100t_0] 0]
INFO: [Labtools 27-1434] Device xc7a100t (JTAG device index = 0) is programmed with a design that has no supported debug core(s) in it.
WARNING: [Labtools 27-3361] The debug hub core was not detected.
Resolution: 
1. Make sure the clock connected to the debug hub (dbg_hub) core is a free running clock and is active.
2. Make sure the BSCAN_SWITCH_USER_MASK device property in Vivado Hardware Manager reflects the user scan chain setting in the design and refresh the device.  To determine the user scan chain setting in the design, open the implemented design and use 'get_property C_USER_SCAN_CHAIN [get_debug_cores dbg_hub]'.
For more details on setting the scan chain property, consult the Vivado Debug and Programming User Guide (UG908).
open_run synth_1 -name synth_1
Design is defaulting to impl run constrset: constrs_1
Design is defaulting to synth run part: xc7a100tcsg324-1
INFO: [Netlist 29-17] Analyzing 8 Unisim elements for replacement
INFO: [Netlist 29-28] Unisim Transformation completed in 0 CPU seconds
INFO: [Project 1-479] Netlist was created with Vivado 2018.2
INFO: [Project 1-570] Preparing netlist for logic optimization
Parsing XDC File [/nfs/home/p/p_thibe/COEN313/Modelsim/Code/lab4/Lab_4.1/Lab_4.1.srcs/constrs_1/imports/lab4/constraint_lab4.xdc]
Finished Parsing XDC File [/nfs/home/p/p_thibe/COEN313/Modelsim/Code/lab4/Lab_4.1/Lab_4.1.srcs/constrs_1/imports/lab4/constraint_lab4.xdc]
INFO: [Opt 31-138] Pushed 0 inverter(s) to 0 load pin(s).
INFO: [Project 1-111] Unisim Transformation Summary:
No Unisim elements were transformed.

reset_run synth_1
launch_runs synth_1 -jobs 6
[Fri Nov 17 16:06:57 2023] Launched synth_1...
Run output will be captured here: /nfs/home/p/p_thibe/COEN313/Modelsim/Code/lab4/Lab_4.1/Lab_4.1.runs/synth_1/runme.log
launch_runs impl_1 -jobs 6
WARNING: [Project 1-478] Design 'synth_1' is stale and will not be used when launching 'impl_1'
[Fri Nov 17 16:08:11 2023] Launched impl_1...
Run output will be captured here: /nfs/home/p/p_thibe/COEN313/Modelsim/Code/lab4/Lab_4.1/Lab_4.1.runs/impl_1/runme.log
launch_runs impl_1 -to_step write_bitstream -jobs 6
[Fri Nov 17 16:10:34 2023] Launched impl_1...
Run output will be captured here: /nfs/home/p/p_thibe/COEN313/Modelsim/Code/lab4/Lab_4.1/Lab_4.1.runs/impl_1/runme.log
set_property PROBES.FILE {} [get_hw_devices xc7a100t_0]
set_property FULL_PROBES.FILE {} [get_hw_devices xc7a100t_0]
set_property PROGRAM.FILE {/nfs/home/p/p_thibe/COEN313/Modelsim/Code/lab4/Lab_4.1/Lab_4.1.runs/impl_1/registers_min_max.bit} [get_hw_devices xc7a100t_0]
program_hw_devices [get_hw_devices xc7a100t_0]
INFO: [Labtools 27-3164] End of startup status: HIGH
refresh_hw_device [lindex [get_hw_devices xc7a100t_0] 0]
INFO: [Labtools 27-1434] Device xc7a100t (JTAG device index = 0) is programmed with a design that has no supported debug core(s) in it.
WARNING: [Labtools 27-3361] The debug hub core was not detected.
Resolution: 
1. Make sure the clock connected to the debug hub (dbg_hub) core is a free running clock and is active.
2. Make sure the BSCAN_SWITCH_USER_MASK device property in Vivado Hardware Manager reflects the user scan chain setting in the design and refresh the device.  To determine the user scan chain setting in the design, open the implemented design and use 'get_property C_USER_SCAN_CHAIN [get_debug_cores dbg_hub]'.
For more details on setting the scan chain property, consult the Vivado Debug and Programming User Guide (UG908).
WARNING: [IP_Flow 19-3899] Cannot get the environment domain name variable for the component vendor name. Setting the vendor name to 'user.org'.
reset_run synth_1
launch_runs impl_1 -to_step write_bitstream -jobs 6
WARNING: [Project 1-478] Design 'synth_1' is stale and will not be used when launching 'impl_1'
[Fri Nov 17 16:14:02 2023] Launched synth_1...
Run output will be captured here: /nfs/home/p/p_thibe/COEN313/Modelsim/Code/lab4/Lab_4.1/Lab_4.1.runs/synth_1/runme.log
[Fri Nov 17 16:14:02 2023] Launched impl_1...
Run output will be captured here: /nfs/home/p/p_thibe/COEN313/Modelsim/Code/lab4/Lab_4.1/Lab_4.1.runs/impl_1/runme.log
reset_run synth_1
launch_runs impl_1 -to_step write_bitstream -jobs 6
WARNING: [Project 1-478] Design 'synth_1' is stale and will not be used when launching 'impl_1'
[Fri Nov 17 16:20:47 2023] Launched synth_1...
Run output will be captured here: /nfs/home/p/p_thibe/COEN313/Modelsim/Code/lab4/Lab_4.1/Lab_4.1.runs/synth_1/runme.log
[Fri Nov 17 16:20:47 2023] Launched impl_1...
Run output will be captured here: /nfs/home/p/p_thibe/COEN313/Modelsim/Code/lab4/Lab_4.1/Lab_4.1.runs/impl_1/runme.log
current_design impl_1
ERROR: [Labtoolstcl 44-513] HW Target shutdown. Closing target: localhost:3121/xilinx_tcf/Digilent/210292ABF9EAA
INFO: [Labtoolstcl 44-466] Opening hw_target localhost:3121/xilinx_tcf/Digilent/210292ABF9EAA
INFO: [Labtools 27-1435] Device xc7a100t (JTAG device index = 0) is not programmed (DONE status = 0).
WARNING: [Labtoolstcl 44-129] No matching hw_ila_data was found.
reset_run synth_1
launch_runs impl_1 -to_step write_bitstream -jobs 6
WARNING: [Project 1-478] Design 'synth_1' is stale and will not be used when launching 'impl_1'
[Fri Nov 17 16:27:13 2023] Launched synth_1...
Run output will be captured here: /nfs/home/p/p_thibe/COEN313/Modelsim/Code/lab4/Lab_4.1/Lab_4.1.runs/synth_1/runme.log
[Fri Nov 17 16:27:13 2023] Launched impl_1...
Run output will be captured here: /nfs/home/p/p_thibe/COEN313/Modelsim/Code/lab4/Lab_4.1/Lab_4.1.runs/impl_1/runme.log
reset_run synth_1
launch_runs impl_1 -to_step write_bitstream -jobs 6
WARNING: [Project 1-478] Design 'synth_1' is stale and will not be used when launching 'impl_1'
[Fri Nov 17 16:38:04 2023] Launched synth_1...
Run output will be captured here: /nfs/home/p/p_thibe/COEN313/Modelsim/Code/lab4/Lab_4.1/Lab_4.1.runs/synth_1/runme.log
[Fri Nov 17 16:38:04 2023] Launched impl_1...
Run output will be captured here: /nfs/home/p/p_thibe/COEN313/Modelsim/Code/lab4/Lab_4.1/Lab_4.1.runs/impl_1/runme.log
set_property PROBES.FILE {} [get_hw_devices xc7a100t_0]
set_property FULL_PROBES.FILE {} [get_hw_devices xc7a100t_0]
set_property PROGRAM.FILE {/nfs/home/p/p_thibe/COEN313/Modelsim/Code/lab4/Lab_4.1/Lab_4.1.runs/impl_1/registers_min_max.bit} [get_hw_devices xc7a100t_0]
program_hw_devices [get_hw_devices xc7a100t_0]
INFO: [Labtools 27-3164] End of startup status: HIGH
refresh_hw_device [lindex [get_hw_devices xc7a100t_0] 0]
INFO: [Labtools 27-1434] Device xc7a100t (JTAG device index = 0) is programmed with a design that has no supported debug core(s) in it.
WARNING: [Labtools 27-3361] The debug hub core was not detected.
Resolution: 
1. Make sure the clock connected to the debug hub (dbg_hub) core is a free running clock and is active.
2. Make sure the BSCAN_SWITCH_USER_MASK device property in Vivado Hardware Manager reflects the user scan chain setting in the design and refresh the device.  To determine the user scan chain setting in the design, open the implemented design and use 'get_property C_USER_SCAN_CHAIN [get_debug_cores dbg_hub]'.
For more details on setting the scan chain property, consult the Vivado Debug and Programming User Guide (UG908).
exit
INFO: [Common 17-206] Exiting Vivado at Fri Nov 17 16:43:41 2023...
