#-----------------------------------------------------------
# Vivado v2018.2 (64-bit)
# SW Build 2258646 on Thu Jun 14 20:02:38 MDT 2018
# IP Build 2256618 on Thu Jun 14 22:10:49 MDT 2018
# Start of session at: Fri Dec  1 15:31:13 2023
# Process ID: 10438
# Current directory: /nfs/home/p/p_thibe/COEN313/Modelsim/Code/labQuizz
# Command line: vivado
# Log file: /nfs/home/p/p_thibe/COEN313/Modelsim/Code/labQuizz/vivado.log
# Journal file: /nfs/home/p/p_thibe/COEN313/Modelsim/Code/labQuizz/vivado.jou
#-----------------------------------------------------------
start_gui
create_project LabQuizz1.0 /nfs/home/p/p_thibe/COEN313/Modelsim/Code/labQuizz/LabQuizz1.0 -part xc7a100tcsg324-1
INFO: [IP_Flow 19-234] Refreshing IP repositories
INFO: [IP_Flow 19-1704] No user IP repositories specified
INFO: [IP_Flow 19-2313] Loaded Vivado IP repository '/CMC/tools/xilinx/Vivado_2018.2/Vivado/2018.2/data/ip'.
create_project: Time (s): cpu = 00:00:09 ; elapsed = 00:00:07 . Memory (MB): peak = 6279.820 ; gain = 32.648 ; free physical = 12093 ; free virtual = 23787
set_property target_language VHDL [current_project]
set_property simulator_language VHDL [current_project]
add_files -norecurse {/nfs/home/p/p_thibe/COEN313/Modelsim/Code/labQuizz/registers.vhd /nfs/home/p/p_thibe/COEN313/Modelsim/Code/labQuizz/tbMUX.vhd /nfs/home/p/p_thibe/COEN313/Modelsim/Code/labQuizz/remove_zero.vhd /nfs/home/p/p_thibe/COEN313/Modelsim/Code/labQuizz/reg_normalizer.vhd}
import_files -force -norecurse
INFO: [filemgmt 20-348] Importing the appropriate files for fileset: 'sources_1'
import_files -fileset constrs_1 -force -norecurse /nfs/home/p/p_thibe/COEN313/Modelsim/Code/labQuizz/constraint.xdc
update_compile_order -fileset sources_1
set_property source_mgmt_mode None [current_project]
set_property target_constrs_file /nfs/home/p/p_thibe/COEN313/Modelsim/Code/labQuizz/LabQuizz1.0/LabQuizz1.0.srcs/constrs_1/imports/labQuizz/constraint.xdc [current_fileset -constrset]
launch_runs synth_1 -jobs 6
[Fri Dec  1 15:34:49 2023] Launched synth_1...
Run output will be captured here: /nfs/home/p/p_thibe/COEN313/Modelsim/Code/labQuizz/LabQuizz1.0/LabQuizz1.0.runs/synth_1/runme.log
launch_runs impl_1 -jobs 6
[Fri Dec  1 15:36:04 2023] Launched impl_1...
Run output will be captured here: /nfs/home/p/p_thibe/COEN313/Modelsim/Code/labQuizz/LabQuizz1.0/LabQuizz1.0.runs/impl_1/runme.log
launch_runs impl_1 -to_step write_bitstream -jobs 6
[Fri Dec  1 15:38:13 2023] Launched impl_1...
Run output will be captured here: /nfs/home/p/p_thibe/COEN313/Modelsim/Code/labQuizz/LabQuizz1.0/LabQuizz1.0.runs/impl_1/runme.log
open_run impl_1
INFO: [Netlist 29-17] Analyzing 5 Unisim elements for replacement
INFO: [Netlist 29-28] Unisim Transformation completed in 0 CPU seconds
INFO: [Project 1-479] Netlist was created with Vivado 2018.2
INFO: [Device 21-403] Loading part xc7a100tcsg324-1
INFO: [Project 1-570] Preparing netlist for logic optimization
INFO: [Timing 38-478] Restoring timing data from binary archive.
INFO: [Timing 38-479] Binary timing data restore complete.
INFO: [Project 1-856] Restoring constraints from binary archive.
INFO: [Project 1-853] Binary constraint restore complete.
Reading XDEF placement.
Reading placer database...
Reading XDEF routing.
Read XDEF File: Time (s): cpu = 00:00:00.01 ; elapsed = 00:00:00.01 . Memory (MB): peak = 7043.762 ; gain = 0.000 ; free physical = 10450 ; free virtual = 22224
Restored from archive | CPU: 0.010000 secs | Memory: 0.035873 MB |
Finished XDEF File Restore: Time (s): cpu = 00:00:00.01 ; elapsed = 00:00:00.01 . Memory (MB): peak = 7043.762 ; gain = 0.000 ; free physical = 10450 ; free virtual = 22224
INFO: [Project 1-111] Unisim Transformation Summary:
No Unisim elements were transformed.

open_run: Time (s): cpu = 00:00:23 ; elapsed = 00:01:09 . Memory (MB): peak = 7184.230 ; gain = 840.254 ; free physical = 10365 ; free virtual = 22139
WARNING: [Timing 38-313] There are no user specified timing constraints. Timing constraints are needed for proper timing analysis.
open_hw
connect_hw_server
INFO: [Labtools 27-2285] Connecting to hw_server url TCP:localhost:3121
INFO: [Labtools 27-2222] Launching hw_server...
INFO: [Labtools 27-2221] Launch Output:

****** Xilinx hw_server v2018.2
  **** Build date : Jun 14 2018-20:18:37
    ** Copyright 1986-2018 Xilinx, Inc. All Rights Reserved.


open_hw_target
INFO: [Labtoolstcl 44-466] Opening hw_target localhost:3121/xilinx_tcf/Digilent/210292ABF5D6A
set_property PROGRAM.FILE {/nfs/home/p/p_thibe/COEN313/Modelsim/Code/labQuizz/LabQuizz1.0/LabQuizz1.0.runs/impl_1/reg_normalizer.bit} [get_hw_devices xc7a100t_0]
current_hw_device [get_hw_devices xc7a100t_0]
refresh_hw_device -update_hw_probes false [lindex [get_hw_devices xc7a100t_0] 0]
INFO: [Labtools 27-1435] Device xc7a100t (JTAG device index = 0) is not programmed (DONE status = 0).
set_property PROBES.FILE {} [get_hw_devices xc7a100t_0]
set_property FULL_PROBES.FILE {} [get_hw_devices xc7a100t_0]
set_property PROGRAM.FILE {/nfs/home/p/p_thibe/COEN313/Modelsim/Code/labQuizz/LabQuizz1.0/LabQuizz1.0.runs/impl_1/reg_normalizer.bit} [get_hw_devices xc7a100t_0]
program_hw_devices [get_hw_devices xc7a100t_0]
INFO: [Labtools 27-3164] End of startup status: HIGH
refresh_hw_device [lindex [get_hw_devices xc7a100t_0] 0]
INFO: [Labtools 27-1434] Device xc7a100t (JTAG device index = 0) is programmed with a design that has no supported debug core(s) in it.
WARNING: [Labtools 27-3361] The debug hub core was not detected.
Resolution: 
1. Make sure the clock connected to the debug hub (dbg_hub) core is a free running clock and is active.
2. Make sure the BSCAN_SWITCH_USER_MASK device property in Vivado Hardware Manager reflects the user scan chain setting in the design and refresh the device.  To determine the user scan chain setting in the design, open the implemented design and use 'get_property C_USER_SCAN_CHAIN [get_debug_cores dbg_hub]'.
For more details on setting the scan chain property, consult the Vivado Debug and Programming User Guide (UG908).
ERROR: [Labtoolstcl 44-513] HW Target shutdown. Closing target: localhost:3121/xilinx_tcf/Digilent/210292ABF5D6A
INFO: [Labtoolstcl 44-466] Opening hw_target localhost:3121/xilinx_tcf/Digilent/210292ABF5D6A
INFO: [Labtools 27-1435] Device xc7a100t (JTAG device index = 0) is not programmed (DONE status = 0).
WARNING: [Labtoolstcl 44-129] No matching hw_ila_data was found.
ERROR: [Labtoolstcl 44-513] HW Target shutdown. Closing target: localhost:3121/xilinx_tcf/Digilent/210292ABF5D6A
INFO: [Labtoolstcl 44-466] Opening hw_target localhost:3121/xilinx_tcf/Digilent/210292ABF5D6A
INFO: [Labtools 27-1435] Device xc7a100t (JTAG device index = 0) is not programmed (DONE status = 0).
WARNING: [Labtoolstcl 44-129] No matching hw_ila_data was found.
ERROR: [Labtoolstcl 44-513] HW Target shutdown. Closing target: localhost:3121/xilinx_tcf/Digilent/210292ABF5D6A
disconnect_hw_server localhost:3121
connect_hw_server
INFO: [Labtools 27-2285] Connecting to hw_server url TCP:localhost:3121
open_hw_target
INFO: [Labtoolstcl 44-466] Opening hw_target localhost:3121/xilinx_tcf/Digilent/210292ABF4C3A
set_property PROGRAM.FILE {/nfs/home/p/p_thibe/COEN313/Modelsim/Code/labQuizz/LabQuizz1.0/LabQuizz1.0.runs/impl_1/reg_normalizer.bit} [get_hw_devices xc7a100t_0]
current_hw_device [get_hw_devices xc7a100t_0]
refresh_hw_device -update_hw_probes false [lindex [get_hw_devices xc7a100t_0] 0]
INFO: [Labtools 27-1435] Device xc7a100t (JTAG device index = 0) is not programmed (DONE status = 0).
set_property PROBES.FILE {} [get_hw_devices xc7a100t_0]
set_property FULL_PROBES.FILE {} [get_hw_devices xc7a100t_0]
set_property PROGRAM.FILE {/nfs/home/p/p_thibe/COEN313/Modelsim/Code/labQuizz/LabQuizz1.0/LabQuizz1.0.runs/impl_1/reg_normalizer.bit} [get_hw_devices xc7a100t_0]
program_hw_devices [get_hw_devices xc7a100t_0]
INFO: [Labtools 27-3164] End of startup status: HIGH
refresh_hw_device [lindex [get_hw_devices xc7a100t_0] 0]
INFO: [Labtools 27-1434] Device xc7a100t (JTAG device index = 0) is programmed with a design that has no supported debug core(s) in it.
WARNING: [Labtools 27-3361] The debug hub core was not detected.
Resolution: 
1. Make sure the clock connected to the debug hub (dbg_hub) core is a free running clock and is active.
2. Make sure the BSCAN_SWITCH_USER_MASK device property in Vivado Hardware Manager reflects the user scan chain setting in the design and refresh the device.  To determine the user scan chain setting in the design, open the implemented design and use 'get_property C_USER_SCAN_CHAIN [get_debug_cores dbg_hub]'.
For more details on setting the scan chain property, consult the Vivado Debug and Programming User Guide (UG908).
exit
INFO: [Common 17-206] Exiting Vivado at Fri Dec  1 15:55:46 2023...
